<?xml version="1.0" encoding="UTF-8"?>
<!-- Generated by org.testng.reporters.JUnitReportReporter -->
<testsuite skipped="0" hostname="DESKTOP-TF6440N" name="com.qa.api.gorest.tests.CreateUserTest" tests="4" failures="0" timestamp="08 Jun 2021 17:50:12 GMT" time="13.310" errors="0">
  <testcase name="createUserAPIPOSTTest" time="8.806" classname="com.qa.api.gorest.tests.CreateUserTest"/>
  <testcase name="createUserAPIPOSTTest" time="1.490" classname="com.qa.api.gorest.tests.CreateUserTest"/>
  <testcase name="createUserAPIPOSTTest" time="1.500" classname="com.qa.api.gorest.tests.CreateUserTest"/>
  <testcase name="createUserAPIPOSTTest" time="1.514" classname="com.qa.api.gorest.tests.CreateUserTest"/>
</testsuite> <!-- com.qa.api.gorest.tests.CreateUserTest -->
