<?xml version="1.0" encoding="UTF-8"?>
<!-- Generated by org.testng.reporters.JUnitReportReporter -->
<testsuite skipped="0" hostname="DESKTOP-TF6440N" name="com.qa.api.gorest.tests.GetUserTest" tests="2" failures="0" timestamp="08 Jun 2021 17:50:12 GMT" time="2.815" errors="0">
  <testcase name="getAllUserListAPITest" time="1.471" classname="com.qa.api.gorest.tests.GetUserTest"/>
  <testcase name="getUserWithQueryParamsAPITest" time="1.344" classname="com.qa.api.gorest.tests.GetUserTest"/>
</testsuite> <!-- com.qa.api.gorest.tests.GetUserTest -->
