<?xml version="1.0" encoding="UTF-8"?>
<!-- Generated by org.testng.reporters.JUnitReportReporter -->
<testsuite skipped="0" hostname="DESKTOP-TF6440N" name="com.qa.api.gorest.pozo.UserResult" tests="1" failures="0" timestamp="07 Jun 2021 18:02:47 GMT" time="15.441" errors="0">
  <testcase name="createUserWithFullJson" time="15.441" classname="com.qa.api.gorest.pozo.UserResult"/>
</testsuite> <!-- com.qa.api.gorest.pozo.UserResult -->
