<?xml version="1.0" encoding="UTF-8"?>
<!-- Generated by org.testng.reporters.JUnitReportReporter -->
<testsuite skipped="0" hostname="DESKTOP-TF6440N" name="com.qa.api.gorest.util.Token" tests="1" failures="0" timestamp="02 Jun 2021 22:05:22 GMT" time="7.814" errors="0">
  <testcase name="getAccessToken" time="7.814" classname="com.qa.api.gorest.util.Token"/>
</testsuite> <!-- com.qa.api.gorest.util.Token -->
