<?xml version="1.0" encoding="UTF-8"?>
<!-- Generated by org.testng.reporters.JUnitReportReporter -->
<testsuite skipped="0" hostname="DESKTOP-TF6440N" name="com.qa.api.gorest.tests.GetImgurAPITest" tests="3" failures="0" timestamp="08 Jun 2021 17:50:12 GMT" time="18.548" errors="0">
  <testcase name="getAccountImageAPITest" time="1.409" classname="com.qa.api.gorest.tests.GetImgurAPITest"/>
  <testcase name="uploadImagePostAPITest" time="3.764" classname="com.qa.api.gorest.tests.GetImgurAPITest"/>
  <testcase name="getAccountBlockStatusAPITest" time="13.375" classname="com.qa.api.gorest.tests.GetImgurAPITest"/>
</testsuite> <!-- com.qa.api.gorest.tests.GetImgurAPITest -->
